<?xml version="1.0" encoding="UTF-8"?>
<!-- Generated by org.testng.reporters.JUnitXMLReporter -->
<testsuite ignored="2" hostname="DESKTOP-PJTLFA3" failures="0" tests="1" name="Default test" time="12.797" errors="0" timestamp="2024-09-15T12:31:57 IST">
  <testcase classname="testClasses.LoginPageTest" name="LoginTest" time="4.907"/>
  <testcase classname="testClasses.LoginPageTest" name="ForgotPasswordLinkExistsTest" time="0.0">
    <ignored/>
  </testcase> <!-- ForgotPasswordLinkExistsTest -->
  <testcase classname="testClasses.LoginPageTest" name="LoginPageTitleTest" time="0.0">
    <ignored/>
  </testcase> <!-- LoginPageTitleTest -->
</testsuite> <!-- Default test -->
