<?xml version="1.0" encoding="UTF-8"?>
<testng-results ignored="2" total="3" passed="1" failed="0" skipped="0">
  <reporter-output>
  </reporter-output>
  <suite started-at="2024-09-15T23:13:49 IST" name="Default suite" finished-at="2024-09-15T23:14:16 IST" duration-ms="26784">
    <groups>
    </groups>
    <test started-at="2024-09-15T23:13:49 IST" name="Default test" finished-at="2024-09-15T23:14:16 IST" duration-ms="26784">
      <class name="testClasses.LoginPageTest">
        <test-method is-config="true" signature="init()[pri:0, instance:testClasses.LoginPageTest@2e6a8155]" started-at="2024-09-15T23:13:49 IST" name="init" finished-at="2024-09-15T23:14:15 IST" duration-ms="25783" status="PASS">
          <reporter-output>
          </reporter-output>
        </test-method> <!-- init -->
        <test-method signature="LoginPageTitleTest()[pri:1, instance:testClasses.LoginPageTest@2e6a8155]" started-at="2024-09-15T23:14:15 IST" name="LoginPageTitleTest" finished-at="2024-09-15T23:14:15 IST" duration-ms="145" status="PASS">
          <reporter-output>
          </reporter-output>
        </test-method> <!-- LoginPageTitleTest -->
        <test-method is-config="true" signature="tearDown()[pri:0, instance:testClasses.LoginPageTest@2e6a8155]" started-at="2024-09-15T23:14:15 IST" name="tearDown" finished-at="2024-09-15T23:14:16 IST" duration-ms="584" status="PASS">
          <reporter-output>
          </reporter-output>
        </test-method> <!-- tearDown -->
      </class> <!-- testClasses.LoginPageTest -->
    </test> <!-- Default test -->
  </suite> <!-- Default suite -->
</testng-results>
